<?xml version="1.0" encoding="UTF-8"?>
<!-- Generated by org.testng.reporters.JUnitXMLReporter -->
<testsuite ignored="1" hostname="Nsquare" failures="0" tests="4" name="Test" time="18.109" errors="0" timestamp="2021-07-06T13:54:05 PDT">
  <testcase classname="com.wordpressTestcases.Temp_TestNG" name="mytest2" time="0.024"/>
  <testcase classname="com.wordpressTestcases.CalcPayment" name="secondtest" time="0.028"/>
  <testcase classname="com.wordpressTestcases.Temp_TestNG" name="mytest1" time="0.046"/>
  <testcase classname="com.wordpressTestcases.CalcPayment" name="captureMonthlyPayment" time="17.939"/>
  <testcase classname="com.wordpressTestcases.CalcPayment" name="Thirdtest" time="0.0">
    <ignored/>
  </testcase> <!-- Thirdtest -->
</testsuite> <!-- Test -->
