<?xml version="1.0" encoding="UTF-8"?>
<testng-results ignored="0" total="1" passed="1" failed="0" skipped="0">
  <reporter-output>
  </reporter-output>
  <suite started-at="2021-07-01T10:20:10 PDT" name="Suite" finished-at="2021-07-01T10:20:24 PDT" duration-ms="13738">
    <groups>
    </groups>
    <test started-at="2021-07-01T10:20:10 PDT" name="Test" finished-at="2021-07-01T10:20:24 PDT" duration-ms="13738">
      <class name="com.wordpressTestcases.CalcPayment">
        <test-method signature="captureMonthlyPayment()[pri:0, instance:com.wordpressTestcases.CalcPayment@5c90e579]" started-at="2021-07-01T10:20:10 PDT" name="captureMonthlyPayment" finished-at="2021-07-01T10:20:24 PDT" duration-ms="13665" status="PASS">
          <reporter-output>
          </reporter-output>
        </test-method> <!-- captureMonthlyPayment -->
      </class> <!-- com.wordpressTestcases.CalcPayment -->
    </test> <!-- Test -->
  </suite> <!-- Suite -->
</testng-results>
