<?xml version="1.0" encoding="UTF-8"?>
<testng-results ignored="0" total="1" passed="1" failed="0" skipped="0">
  <reporter-output>
  </reporter-output>
  <suite started-at="2021-07-01T10:05:53 PDT" name="Default suite" finished-at="2021-07-01T10:06:10 PDT" duration-ms="17434">
    <groups>
    </groups>
    <test started-at="2021-07-01T10:05:53 PDT" name="Default test" finished-at="2021-07-01T10:06:10 PDT" duration-ms="17434">
      <class name="com.wordpressTestcases.CalcPayment">
        <test-method signature="captureMonthlyPayment()[pri:0, instance:com.wordpressTestcases.CalcPayment@757acd7b]" started-at="2021-07-01T10:05:53 PDT" name="captureMonthlyPayment" finished-at="2021-07-01T10:06:10 PDT" duration-ms="17301" status="PASS">
          <reporter-output>
          </reporter-output>
        </test-method> <!-- captureMonthlyPayment -->
      </class> <!-- com.wordpressTestcases.CalcPayment -->
    </test> <!-- Default test -->
  </suite> <!-- Default suite -->
</testng-results>
