<?xml version="1.0" encoding="UTF-8"?>
<testng-results ignored="0" total="4" passed="3" failed="1" skipped="0">
  <reporter-output>
  </reporter-output>
  <suite started-at="2021-07-06T14:47:35 PDT" name="Default suite" finished-at="2021-07-06T14:47:35 PDT" duration-ms="234">
    <groups>
    </groups>
    <test started-at="2021-07-06T14:47:35 PDT" name="Default test" finished-at="2021-07-06T14:47:35 PDT" duration-ms="234">
      <class name="com.wordpressTestcases.Temp_TestNg2">
        <test-method is-config="true" signature="beforemytest()[pri:0, instance:com.wordpressTestcases.Temp_TestNg2@6c779568]" started-at="2021-07-06T14:47:35 PDT" name="beforemytest" finished-at="2021-07-06T14:47:35 PDT" duration-ms="28" status="PASS">
          <reporter-output>
          </reporter-output>
        </test-method> <!-- beforemytest -->
        <test-method signature="login(java.lang.String, java.lang.String)[pri:0, instance:com.wordpressTestcases.Temp_TestNg2@6c779568]" started-at="2021-07-06T14:47:35 PDT" name="login" data-provider="mydata1" finished-at="2021-07-06T14:47:35 PDT" duration-ms="17" status="PASS">
          <params>
            <param index="0">
              <value>
                <![CDATA[uname1]]>
              </value>
            </param>
            <param index="1">
              <value>
                <![CDATA[password1]]>
              </value>
            </param>
          </params>
          <reporter-output>
          </reporter-output>
        </test-method> <!-- login -->
        <test-method signature="login(java.lang.String, java.lang.String)[pri:0, instance:com.wordpressTestcases.Temp_TestNg2@6c779568]" started-at="2021-07-06T14:47:35 PDT" name="login" data-provider="mydata1" finished-at="2021-07-06T14:47:35 PDT" duration-ms="5" status="PASS">
          <params>
            <param index="0">
              <value>
                <![CDATA[uname2]]>
              </value>
            </param>
            <param index="1">
              <value>
                <![CDATA[password2]]>
              </value>
            </param>
          </params>
          <reporter-output>
          </reporter-output>
        </test-method> <!-- login -->
        <test-method signature="login(java.lang.String, java.lang.String)[pri:0, instance:com.wordpressTestcases.Temp_TestNg2@6c779568]" started-at="2021-07-06T14:47:35 PDT" name="login" data-provider="mydata1" finished-at="2021-07-06T14:47:35 PDT" duration-ms="6" status="PASS">
          <params>
            <param index="0">
              <value>
                <![CDATA[uname3]]>
              </value>
            </param>
            <param index="1">
              <value>
                <![CDATA[password3]]>
              </value>
            </param>
          </params>
          <reporter-output>
          </reporter-output>
        </test-method> <!-- login -->
        <test-method signature="mytest2(int, int, int)[pri:0, instance:com.wordpressTestcases.Temp_TestNg2@6c779568]" started-at="2021-07-06T14:47:35 PDT" name="mytest2" finished-at="2021-07-06T14:47:35 PDT" duration-ms="0" status="FAIL">
          <exception class="org.testng.TestNGException">
            <message>
              <![CDATA[
Parameter 'a' is required by @Test on method mytest2 but has not been marked @Optional or defined
in C:\Users\nsqaure\AppData\Local\Temp\testng-eclipse-194845251\testng-customsuite.xml]]>
            </message>
            <full-stacktrace>
              <![CDATA[org.testng.TestNGException: 
Parameter 'a' is required by @Test on method mytest2 but has not been marked @Optional or defined
in C:\Users\nsqaure\AppData\Local\Temp\testng-eclipse-194845251\testng-customsuite.xml
at org.testng.internal.Parameters.createParams(Parameters.java:268)
at org.testng.internal.Parameters.createParametersForMethod(Parameters.java:356)
at org.testng.internal.Parameters.createParameters(Parameters.java:700)
at org.testng.internal.Parameters.handleParameters(Parameters.java:875)
at org.testng.internal.Parameters.handleParameters(Parameters.java:740)
at org.testng.internal.ParameterHandler.handleParameters(ParameterHandler.java:59)
at org.testng.internal.ParameterHandler.createParameters(ParameterHandler.java:38)
at org.testng.internal.TestInvoker$MethodInvocationAgent.invoke(TestInvoker.java:789)
at org.testng.internal.TestInvoker.invokeTestMethods(TestInvoker.java:147)
at org.testng.internal.TestMethodWorker.invokeTestMethods(TestMethodWorker.java:146)
at org.testng.internal.TestMethodWorker.run(TestMethodWorker.java:128)
at java.base/java.util.ArrayList.forEach(ArrayList.java:1541)
at org.testng.TestRunner.privateRun(TestRunner.java:764)
at org.testng.TestRunner.run(TestRunner.java:585)
at org.testng.SuiteRunner.runTest(SuiteRunner.java:384)
at org.testng.SuiteRunner.runSequentially(SuiteRunner.java:378)
at org.testng.SuiteRunner.privateRun(SuiteRunner.java:337)
at org.testng.SuiteRunner.run(SuiteRunner.java:286)
at org.testng.SuiteRunnerWorker.runSuite(SuiteRunnerWorker.java:53)
at org.testng.SuiteRunnerWorker.run(SuiteRunnerWorker.java:96)
at org.testng.TestNG.runSuitesSequentially(TestNG.java:1218)
at org.testng.TestNG.runSuitesLocally(TestNG.java:1140)
at org.testng.TestNG.runSuites(TestNG.java:1069)
at org.testng.TestNG.run(TestNG.java:1037)
at org.testng.remote.AbstractRemoteTestNG.run(AbstractRemoteTestNG.java:115)
at org.testng.remote.RemoteTestNG.initAndRun(RemoteTestNG.java:251)
at org.testng.remote.RemoteTestNG.main(RemoteTestNG.java:77)
]]>
            </full-stacktrace>
          </exception> <!-- org.testng.TestNGException -->
          <reporter-output>
          </reporter-output>
        </test-method> <!-- mytest2 -->
        <test-method is-config="true" signature="aftermytest()[pri:0, instance:com.wordpressTestcases.Temp_TestNg2@6c779568]" started-at="2021-07-06T14:47:35 PDT" name="aftermytest" finished-at="2021-07-06T14:47:35 PDT" duration-ms="2" status="PASS">
          <reporter-output>
          </reporter-output>
        </test-method> <!-- aftermytest -->
      </class> <!-- com.wordpressTestcases.Temp_TestNg2 -->
    </test> <!-- Default test -->
  </suite> <!-- Default suite -->
</testng-results>
